<?xml version="1.0" encoding="UTF-8"?>
<!-- Generated by org.testng.reporters.JUnitReportReporter -->
<testsuite hostname="DESKTOP-J0TO6OM" failures="0" tests="1" name="FirstPkg.OrangeHrm" time="5.174" errors="0" timestamp="2023-02-07T23:53:25 IST" skipped="0">
  <testcase classname="FirstPkg.OrangeHrm" name="test1" time="5.174"/>
  <system-out/>
</testsuite> <!-- FirstPkg.OrangeHrm -->
